# JRE version: Java(TM) SE Runtime Environment (8.0_40-b27) (build 1.8.0_40-b27)
# Java VM: Java HotSpot(TM) 64-Bit Server VM (25.40-b25 mixed mode bsd-amd64 compressed oops)
Heap:
 PSYoungGen      total 292352K, used 185343K [0x00000007a0000000, 0x00000007c0000000, 0x00000007c0000000)
  eden space 185344K, 99% used [0x00000007a0000000,0x00000007ab4ffff8,0x00000007ab500000)
  from space 107008K, 0% used [0x00000007ab500000,0x00000007ab500000,0x00000007b1d80000)
  to   space 173568K, 0% used [0x00000007b5680000,0x00000007b5680000,0x00000007c0000000)
 ParOldGen       total 1048576K, used 1048575K [0x0000000760000000, 0x00000007a0000000, 0x00000007a0000000)
  object space 1048576K, 99% used [0x0000000760000000,0x000000079ffffed0,0x00000007a0000000)
 Metaspace       used 329279K, capacity 343294K, committed 353944K, reserved 1357824K
  class space    used 41187K, capacity 44563K, committed 46000K, reserved 1048576K
GC Heap History (10 events):
Event: 9692.167 GC heap after
Heap after GC invocations=1296 (full 1209):
 PSYoungGen      total 292352K, used 185343K [0x00000007a0000000, 0x00000007c0000000, 0x00000007c0000000)
  eden space 185344K, 99% used [0x00000007a0000000,0x00000007ab4ffff8,0x00000007ab500000)
  from space 107008K, 0% used [0x00000007ab500000,0x00000007ab500000,0x00000007b1d80000)
  to   space 173568K, 0% used [0x00000007b5680000,0x00000007b5680000,0x00000007c0000000)
 ParOldGen       total 1048576K, used 1048576K [0x0000000760000000, 0x00000007a0000000, 0x00000007a0000000)
  object space 1048576K, 100% used [0x0000000760000000,0x00000007a0000000,0x00000007a0000000)
 Metaspace       used 329283K, capacity 343300K, committed 353944K, reserved 1357824K
  class space    used 41188K, capacity 44564K, committed 46000K, reserved 1048576K
}
Event: 9692.167 GC heap before
{Heap before GC invocations=1297 (full 1210):
 PSYoungGen      total 292352K, used 185343K [0x00000007a0000000, 0x00000007c0000000, 0x00000007c0000000)
  eden space 185344K, 99% used [0x00000007a0000000,0x00000007ab4ffff8,0x00000007ab500000)
  from space 107008K, 0% used [0x00000007ab500000,0x00000007ab500000,0x00000007b1d80000)
  to   space 173568K, 0% used [0x00000007b5680000,0x00000007b5680000,0x00000007c0000000)
 ParOldGen       total 1048576K, used 1048576K [0x0000000760000000, 0x00000007a0000000, 0x00000007a0000000)
  object space 1048576K, 100% used [0x0000000760000000,0x00000007a0000000,0x00000007a0000000)
 Metaspace       used 329283K, capacity 343300K, committed 353944K, reserved 1357824K
  class space    used 41188K, capacity 44564K, committed 46000K, reserved 1048576K
Event: 9698.164 GC heap after
Heap after GC invocations=1297 (full 1210):
 PSYoungGen      total 292352K, used 185343K [0x00000007a0000000, 0x00000007c0000000, 0x00000007c0000000)
  eden space 185344K, 99% used [0x00000007a0000000,0x00000007ab4ffff8,0x00000007ab500000)
  from space 107008K, 0% used [0x00000007ab500000,0x00000007ab500000,0x00000007b1d80000)
  to   space 173568K, 0% used [0x00000007b5680000,0x00000007b5680000,0x00000007c0000000)
 ParOldGen       total 1048576K, used 1048576K [0x0000000760000000, 0x00000007a0000000, 0x00000007a0000000)
  object space 1048576K, 100% used [0x0000000760000000,0x00000007a0000000,0x00000007a0000000)
 Metaspace       used 329283K, capacity 343300K, committed 353944K, reserved 1357824K
  class space    used 41188K, capacity 44564K, committed 46000K, reserved 1048576K
}
Event: 9698.165 GC heap before
{Heap before GC invocations=1298 (full 1211):
 PSYoungGen      total 292352K, used 185343K [0x00000007a0000000, 0x00000007c0000000, 0x00000007c0000000)
  eden space 185344K, 99% used [0x00000007a0000000,0x00000007ab4ffff8,0x00000007ab500000)
  from space 107008K, 0% used [0x00000007ab500000,0x00000007ab500000,0x00000007b1d80000)
  to   space 173568K, 0% used [0x00000007b5680000,0x00000007b5680000,0x00000007c0000000)
 ParOldGen       total 1048576K, used 1048576K [0x0000000760000000, 0x00000007a0000000, 0x00000007a0000000)
  object space 1048576K, 100% used [0x0000000760000000,0x00000007a0000000,0x00000007a0000000)
 Metaspace       used 329283K, capacity 343300K, committed 353944K, reserved 1357824K
  class space    used 41188K, capacity 44564K, committed 46000K, reserved 1048576K
Event: 9703.587 GC heap after
Heap after GC invocations=1298 (full 1211):
 PSYoungGen      total 292352K, used 185343K [0x00000007a0000000, 0x00000007c0000000, 0x00000007c0000000)
  eden space 185344K, 99% used [0x00000007a0000000,0x00000007ab4ffff8,0x00000007ab500000)
  from space 107008K, 0% used [0x00000007ab500000,0x00000007ab500000,0x00000007b1d80000)
  to   space 173568K, 0% used [0x00000007b5680000,0x00000007b5680000,0x00000007c0000000)
 ParOldGen       total 1048576K, used 1048575K [0x0000000760000000, 0x00000007a0000000, 0x00000007a0000000)
  object space 1048576K, 99% used [0x0000000760000000,0x000000079fffffe8,0x00000007a0000000)
 Metaspace       used 329283K, capacity 343300K, committed 353944K, reserved 1357824K
  class space    used 41188K, capacity 44564K, committed 46000K, reserved 1048576K
}
Event: 9703.587 GC heap before
{Heap before GC invocations=1299 (full 1212):
 PSYoungGen      total 292352K, used 185343K [0x00000007a0000000, 0x00000007c0000000, 0x00000007c0000000)
  eden space 185344K, 99% used [0x00000007a0000000,0x00000007ab4ffff8,0x00000007ab500000)
  from space 107008K, 0% used [0x00000007ab500000,0x00000007ab500000,0x00000007b1d80000)
  to   space 173568K, 0% used [0x00000007b5680000,0x00000007b5680000,0x00000007c0000000)
 ParOldGen       total 1048576K, used 1048575K [0x0000000760000000, 0x00000007a0000000, 0x00000007a0000000)
  object space 1048576K, 99% used [0x0000000760000000,0x000000079fffffe8,0x00000007a0000000)
 Metaspace       used 329283K, capacity 343300K, committed 353944K, reserved 1357824K
  class space    used 41188K, capacity 44564K, committed 46000K, reserved 1048576K
Event: 9707.239 GC heap after
Heap after GC invocations=1299 (full 1212):
 PSYoungGen      total 292352K, used 185343K [0x00000007a0000000, 0x00000007c0000000, 0x00000007c0000000)
  eden space 185344K, 99% used [0x00000007a0000000,0x00000007ab4ffff8,0x00000007ab500000)
  from space 107008K, 0% used [0x00000007ab500000,0x00000007ab500000,0x00000007b1d80000)
  to   space 173568K, 0% used [0x00000007b5680000,0x00000007b5680000,0x00000007c0000000)
 ParOldGen       total 1048576K, used 1048575K [0x0000000760000000, 0x00000007a0000000, 0x00000007a0000000)
  object space 1048576K, 99% used [0x0000000760000000,0x000000079fffffe8,0x00000007a0000000)
 Metaspace       used 329283K, capacity 343300K, committed 353944K, reserved 1357824K
  class space    used 41188K, capacity 44564K, committed 46000K, reserved 1048576K
}
Event: 9707.240 GC heap before
{Heap before GC invocations=1300 (full 1213):
 PSYoungGen      total 292352K, used 185343K [0x00000007a0000000, 0x00000007c0000000, 0x00000007c0000000)
  eden space 185344K, 99% used [0x00000007a0000000,0x00000007ab4ffff8,0x00000007ab500000)
  from space 107008K, 0% used [0x00000007ab500000,0x00000007ab500000,0x00000007b1d80000)
  to   space 173568K, 0% used [0x00000007b5680000,0x00000007b5680000,0x00000007c0000000)
 ParOldGen       total 1048576K, used 1048575K [0x0000000760000000, 0x00000007a0000000, 0x00000007a0000000)
  object space 1048576K, 99% used [0x0000000760000000,0x000000079ffffff8,0x00000007a0000000)
 Metaspace       used 329283K, capacity 343300K, committed 353944K, reserved 1357824K
  class space    used 41188K, capacity 44564K, committed 46000K, reserved 1048576K
Event: 9710.825 GC heap after
Heap after GC invocations=1300 (full 1213):
 PSYoungGen      total 292352K, used 185343K [0x00000007a0000000, 0x00000007c0000000, 0x00000007c0000000)
  eden space 185344K, 99% used [0x00000007a0000000,0x00000007ab4ffff8,0x00000007ab500000)
  from space 107008K, 0% used [0x00000007ab500000,0x00000007ab500000,0x00000007b1d80000)
  to   space 173568K, 0% used [0x00000007b5680000,0x00000007b5680000,0x00000007c0000000)
 ParOldGen       total 1048576K, used 1048575K [0x0000000760000000, 0x00000007a0000000, 0x00000007a0000000)
  object space 1048576K, 99% used [0x0000000760000000,0x000000079ffffc28,0x00000007a0000000)
 Metaspace       used 329279K, capacity 343294K, committed 353944K, reserved 1357824K
  class space    used 41187K, capacity 44563K, committed 46000K, reserved 1048576K
}
Event: 9710.829 GC heap before
{Heap before GC invocations=1301 (full 1214):
 PSYoungGen      total 292352K, used 185343K [0x00000007a0000000, 0x00000007c0000000, 0x00000007c0000000)
  eden space 185344K, 99% used [0x00000007a0000000,0x00000007ab4ffff8,0x00000007ab500000)
  from space 107008K, 0% used [0x00000007ab500000,0x00000007ab500000,0x00000007b1d80000)
  to   space 173568K, 0% used [0x00000007b5680000,0x00000007b5680000,0x00000007c0000000)
 ParOldGen       total 1048576K, used 1048575K [0x0000000760000000, 0x00000007a0000000, 0x00000007a0000000)
  object space 1048576K, 99% used [0x0000000760000000,0x000000079ffffed0,0x00000007a0000000)
 Metaspace       used 329279K, capacity 343294K, committed 353944K, reserved 1357824K
  class space    used 41187K, capacity 44563K, committed 46000K, reserved 1048576K

